build/app/intermediates/manifest_merge_blame_file/debug/manifest-merger-blame-debug-report.txt
1<?xml version="1.0" encoding="utf-8"?>
2<manifest xmlns:android="http://schemas.android.com/apk/res/android"
3    package="com.naan"
4    android:versionCode="7"
5    android:versionName="1.3.0" >
6
7    <uses-sdk
8        android:minSdkVersion="23"
9        android:targetSdkVersion="31" />
10    <!--
11         Flutter needs it to communicate with the running application
12         to allow setting breakpoints, to provide hot reload, etc.
13    -->
14    <uses-permission android:name="android.permission.INTERNET" />
14-->src\main\AndroidManifest.xml:9:2-64
14-->src\main\AndroidManifest.xml:9:19-61
15    <uses-permission android:name="android.permission.WRITE_EXTERNAL_STORAGE" />
15-->src\main\AndroidManifest.xml:10:2-78
15-->src\main\AndroidManifest.xml:10:19-75
16    <uses-permission android:name="android.permission.READ_EXTERNAL_STORAGE" />
16-->src\main\AndroidManifest.xml:11:2-77
16-->src\main\AndroidManifest.xml:11:19-74
17    <uses-permission android:name="android.permission.USE_FINGERPRINT" />
17-->src\main\AndroidManifest.xml:12:2-71
17-->src\main\AndroidManifest.xml:12:19-68
18
19    <application
20        android:name="android.app.Application"
21        android:appComponentFactory="androidx.core.app.CoreComponentFactory"
21-->[androidx.core:core:1.6.0] AndroidManifest.xml:24:18-86
22        android:debuggable="true"
23        android:extractNativeLibs="false"
24        android:icon="@mipmap/ic_launcher"
25        android:label="Naan"
26        android:largeHeap="true"
27        android:requestLegacyExternalStorage="true"
28        android:roundIcon="@mipmap/ic_launcher_round"
29        android:usesCleartextTraffic="true" >
30        <activity
31            android:name="com.naan.MainActivity"
32            android:configChanges="orientation|keyboardHidden|keyboard|screenSize|smallestScreenSize|locale|layoutDirection|fontScale|screenLayout|density|uiMode"
33            android:exported="true"
34            android:hardwareAccelerated="true"
35            android:launchMode="singleTop"
36            android:theme="@style/LaunchTheme"
37            android:windowSoftInputMode="adjustResize" >
38
39            <!--
40			Specifies an Android theme to apply to this Activity as soon as
41			the Android process has started. This theme is visible to the user
42			while the Flutter UI initializes. After that, this theme continues
43			to determine the Window background behind the Flutter UI.
44            -->
45            <meta-data
46                android:name="io.flutter.embedding.android.NormalTheme"
47                android:resource="@style/NormalTheme" />
48            <!--
49			Displays an Android View that continues showing the launch screen
50			Drawable until Flutter paints its first frame, then this splash
51			screen fades out. A splash screen is useful to avoid any visual
52			gap between the end of Android's launch screen and the painting of
53			Flutter's first frame.
54            -->
55            <meta-data
56                android:name="flutter_deeplinking_enabled"
57                android:value="true" />
58
59            <intent-filter android:autoVerify="true" >
60                <action android:name="android.intent.action.VIEW" />
61
62                <category android:name="android.intent.category.DEFAULT" />
63                <category android:name="android.intent.category.BROWSABLE" />
64
65                <data android:scheme="tezos" />
66            </intent-filter>
67
68            <meta-data
69                android:name="io.flutter.embedding.android.SplashScreenDrawable"
70                android:resource="@drawable/launch_background" />
71
72            <intent-filter>
73                <action android:name="android.intent.action.MAIN" />
74
75                <category android:name="android.intent.category.LAUNCHER" />
76            </intent-filter>
77        </activity>
78        <!--
79		Don't delete the meta-data below.
80		This is used by the Flutter tool to generate GeneratedPluginRegistrant.java
81        -->
82        <meta-data
83            android:name="flutterEmbedding"
84            android:value="2" />
85
86        <uses-library
86-->[androidx.window:window:1.0.0-beta04] AndroidManifest.xml:25:9-27:40
87            android:name="androidx.window.extensions"
87-->[androidx.window:window:1.0.0-beta04] AndroidManifest.xml:26:13-54
88            android:required="false" />
88-->[androidx.window:window:1.0.0-beta04] AndroidManifest.xml:27:13-37
89        <uses-library
89-->[androidx.window:window:1.0.0-beta04] AndroidManifest.xml:28:9-30:40
90            android:name="androidx.window.sidecar"
90-->[androidx.window:window:1.0.0-beta04] AndroidManifest.xml:29:13-51
91            android:required="false" />
91-->[androidx.window:window:1.0.0-beta04] AndroidManifest.xml:30:13-37
92    </application>
93
94</manifest>